<?xml version="1.0" encoding="UTF-8"?>
<!-- Generated by org.testng.reporters.JUnitReportReporter -->
<testsuite hostname="DESKTOP-MCQBI6C" failures="0" tests="1" name="advanceselenium.practice" time="14.278" errors="0" timestamp="2 Sep 2023 18:37:23 GMT">
  <testcase classname="advanceselenium.practice" name="test1" time="14.278"/>
</testsuite> <!-- advanceselenium.practice -->
