<?xml version="1.0" encoding="UTF-8"?>
<!-- Generated by org.testng.reporters.JUnitReportReporter -->
<testsuite hostname="DESKTOP-MCQBI6C" failures="0" tests="1" name="advanceselenium.NewTest" time="0.003" errors="0" timestamp="2 Sep 2023 18:31:29 GMT">
  <testcase classname="advanceselenium.NewTest" name="f" time="0.003"/>
</testsuite> <!-- advanceselenium.NewTest -->
